<?xml version="1.0" encoding="UTF-8"?>
<!-- Generated by org.testng.reporters.JUnitXMLReporter -->
<testsuite ignored="0" hostname="Henishs-MacBook-Air.local" failures="0" tests="6" name="Default test" time="2.629" errors="0" timestamp="2023-08-06T18:05:32 EDT">
  <testcase classname="api.test.DDTests" name="testPostuser" time="1.133"/>
  <testcase classname="api.test.DDTests" name="testPostuser" time="0.143"/>
  <testcase classname="api.test.DDTests" name="testPostuser" time="0.138"/>
  <testcase classname="api.test.DDTests" name="testDeleteUserByName" time="0.146"/>
  <testcase classname="api.test.DDTests" name="testDeleteUserByName" time="0.134"/>
  <testcase classname="api.test.DDTests" name="testDeleteUserByName" time="0.134"/>
</testsuite> <!-- Default test -->
