<?xml version="1.0" encoding="UTF-8"?>
<!-- Generated by org.testng.reporters.JUnitXMLReporter -->
<testsuite ignored="0" hostname="Henishs-MacBook-Air.local" failures="0" tests="8" name="Test" time="3.145" errors="0" timestamp="2023-08-06T18:40:51 EDT">
  <testcase classname="api.test.UserTests" name="testPostUser" time="1.148"/>
  <testcase classname="api.test.UserTests" name="testGetUserByName" time="0.155"/>
  <testcase classname="api.test.UserTests" name="testUpdateUserByName" time="0.286"/>
  <testcase classname="api.test.UserTests" name="testDeleteUserByName" time="0.138"/>
  <testcase classname="api.test.UserTestsFromProperties" name="testPostUser" time="0.142"/>
  <testcase classname="api.test.UserTestsFromProperties" name="testGetUserByName" time="0.137"/>
  <testcase classname="api.test.UserTestsFromProperties" name="testUpdateUserByName" time="0.28"/>
  <testcase classname="api.test.UserTestsFromProperties" name="testDeleteUserByName" time="0.135"/>
</testsuite> <!-- Test -->
