<?xml version="1.0" encoding="UTF-8"?>
<!-- Generated by org.testng.reporters.JUnitXMLReporter -->
<testsuite ignored="0" hostname="Henishs-MacBook-Air.local" failures="0" tests="8" name="Test" time="3.124" errors="0" timestamp="2023-08-06T18:48:26 EDT">
  <testcase classname="api.test.UserTests" name="testPostUser" time="1.246"/>
  <testcase classname="api.test.UserTests" name="testGetUserByName" time="0.177"/>
  <testcase classname="api.test.UserTests" name="testUpdateUserByName" time="0.272"/>
  <testcase classname="api.test.UserTests" name="testDeleteUserByName" time="0.139"/>
  <testcase classname="api.test.UserTestsFromProperties" name="testPostUser" time="0.145"/>
  <testcase classname="api.test.UserTestsFromProperties" name="testGetUserByName" time="0.131"/>
  <testcase classname="api.test.UserTestsFromProperties" name="testUpdateUserByName" time="0.278"/>
  <testcase classname="api.test.UserTestsFromProperties" name="testDeleteUserByName" time="0.149"/>
</testsuite> <!-- Test -->
