<?xml version="1.0" encoding="UTF-8"?>
<testng-results ignored="0" total="8" passed="8" failed="0" skipped="0">
  <reporter-output>
  </reporter-output>
  <suite started-at="2023-08-06T18:48:23 EDT" name="Suite" finished-at="2023-08-06T18:48:26 EDT" duration-ms="3124">
    <groups>
    </groups>
    <test started-at="2023-08-06T18:48:23 EDT" name="Test" finished-at="2023-08-06T18:48:26 EDT" duration-ms="3124">
      <class name="api.test.UserTestsFromProperties">
        <test-method is-config="true" signature="setup()[pri:0, instance:api.test.UserTestsFromProperties@4445629]" started-at="2023-08-06T18:48:25 EDT" name="setup" finished-at="2023-08-06T18:48:25 EDT" duration-ms="31" status="PASS">
          <reporter-output>
          </reporter-output>
        </test-method> <!-- setup -->
        <test-method signature="testPostUser()[pri:1, instance:api.test.UserTestsFromProperties@4445629]" started-at="2023-08-06T18:48:25 EDT" name="testPostUser" finished-at="2023-08-06T18:48:25 EDT" duration-ms="145" status="PASS">
          <reporter-output>
          </reporter-output>
        </test-method> <!-- testPostUser -->
        <test-method signature="testGetUserByName()[pri:2, instance:api.test.UserTestsFromProperties@4445629]" started-at="2023-08-06T18:48:25 EDT" name="testGetUserByName" finished-at="2023-08-06T18:48:25 EDT" duration-ms="131" status="PASS">
          <reporter-output>
          </reporter-output>
        </test-method> <!-- testGetUserByName -->
        <test-method signature="testUpdateUserByName()[pri:3, instance:api.test.UserTestsFromProperties@4445629]" started-at="2023-08-06T18:48:25 EDT" name="testUpdateUserByName" finished-at="2023-08-06T18:48:26 EDT" duration-ms="278" status="PASS">
          <reporter-output>
          </reporter-output>
        </test-method> <!-- testUpdateUserByName -->
        <test-method signature="testDeleteUserByName()[pri:4, instance:api.test.UserTestsFromProperties@4445629]" started-at="2023-08-06T18:48:26 EDT" name="testDeleteUserByName" finished-at="2023-08-06T18:48:26 EDT" duration-ms="149" status="PASS">
          <reporter-output>
          </reporter-output>
        </test-method> <!-- testDeleteUserByName -->
      </class> <!-- api.test.UserTestsFromProperties -->
      <class name="api.test.UserTests">
        <test-method is-config="true" signature="setup()[pri:0, instance:api.test.UserTests@6973bf95]" started-at="2023-08-06T18:48:23 EDT" name="setup" finished-at="2023-08-06T18:48:23 EDT" duration-ms="381" status="PASS">
          <reporter-output>
          </reporter-output>
        </test-method> <!-- setup -->
        <test-method signature="testPostUser()[pri:1, instance:api.test.UserTests@6973bf95]" started-at="2023-08-06T18:48:23 EDT" name="testPostUser" finished-at="2023-08-06T18:48:25 EDT" duration-ms="1246" status="PASS">
          <reporter-output>
          </reporter-output>
        </test-method> <!-- testPostUser -->
        <test-method signature="testGetUserByName()[pri:2, instance:api.test.UserTests@6973bf95]" started-at="2023-08-06T18:48:25 EDT" name="testGetUserByName" finished-at="2023-08-06T18:48:25 EDT" duration-ms="177" status="PASS">
          <reporter-output>
          </reporter-output>
        </test-method> <!-- testGetUserByName -->
        <test-method signature="testUpdateUserByName()[pri:3, instance:api.test.UserTests@6973bf95]" started-at="2023-08-06T18:48:25 EDT" name="testUpdateUserByName" finished-at="2023-08-06T18:48:25 EDT" duration-ms="272" status="PASS">
          <reporter-output>
          </reporter-output>
        </test-method> <!-- testUpdateUserByName -->
        <test-method signature="testDeleteUserByName()[pri:4, instance:api.test.UserTests@6973bf95]" started-at="2023-08-06T18:48:25 EDT" name="testDeleteUserByName" finished-at="2023-08-06T18:48:25 EDT" duration-ms="139" status="PASS">
          <reporter-output>
          </reporter-output>
        </test-method> <!-- testDeleteUserByName -->
      </class> <!-- api.test.UserTests -->
    </test> <!-- Test -->
  </suite> <!-- Suite -->
</testng-results>
