<?xml version="1.0" encoding="UTF-8"?>
<testng-results ignored="0" total="8" passed="8" failed="0" skipped="0">
  <reporter-output>
  </reporter-output>
  <suite started-at="2023-08-06T18:40:48 EDT" name="Suite" finished-at="2023-08-06T18:40:51 EDT" duration-ms="3145">
    <groups>
    </groups>
    <test started-at="2023-08-06T18:40:48 EDT" name="Test" finished-at="2023-08-06T18:40:51 EDT" duration-ms="3145">
      <class name="api.test.UserTestsFromProperties">
        <test-method is-config="true" signature="setup()[pri:0, instance:api.test.UserTestsFromProperties@130c12b7]" started-at="2023-08-06T18:40:50 EDT" name="setup" finished-at="2023-08-06T18:40:50 EDT" duration-ms="25" status="PASS">
          <reporter-output>
          </reporter-output>
        </test-method> <!-- setup -->
        <test-method signature="testPostUser()[pri:1, instance:api.test.UserTestsFromProperties@130c12b7]" started-at="2023-08-06T18:40:50 EDT" name="testPostUser" finished-at="2023-08-06T18:40:50 EDT" duration-ms="142" status="PASS">
          <reporter-output>
          </reporter-output>
        </test-method> <!-- testPostUser -->
        <test-method signature="testGetUserByName()[pri:2, instance:api.test.UserTestsFromProperties@130c12b7]" started-at="2023-08-06T18:40:50 EDT" name="testGetUserByName" finished-at="2023-08-06T18:40:51 EDT" duration-ms="137" status="PASS">
          <reporter-output>
          </reporter-output>
        </test-method> <!-- testGetUserByName -->
        <test-method signature="testUpdateUserByName()[pri:3, instance:api.test.UserTestsFromProperties@130c12b7]" started-at="2023-08-06T18:40:51 EDT" name="testUpdateUserByName" finished-at="2023-08-06T18:40:51 EDT" duration-ms="280" status="PASS">
          <reporter-output>
          </reporter-output>
        </test-method> <!-- testUpdateUserByName -->
        <test-method signature="testDeleteUserByName()[pri:4, instance:api.test.UserTestsFromProperties@130c12b7]" started-at="2023-08-06T18:40:51 EDT" name="testDeleteUserByName" finished-at="2023-08-06T18:40:51 EDT" duration-ms="135" status="PASS">
          <reporter-output>
          </reporter-output>
        </test-method> <!-- testDeleteUserByName -->
      </class> <!-- api.test.UserTestsFromProperties -->
      <class name="api.test.UserTests">
        <test-method is-config="true" signature="setup()[pri:0, instance:api.test.UserTests@3f6f6701]" started-at="2023-08-06T18:40:48 EDT" name="setup" finished-at="2023-08-06T18:40:48 EDT" duration-ms="509" status="PASS">
          <reporter-output>
          </reporter-output>
        </test-method> <!-- setup -->
        <test-method signature="testPostUser()[pri:1, instance:api.test.UserTests@3f6f6701]" started-at="2023-08-06T18:40:48 EDT" name="testPostUser" finished-at="2023-08-06T18:40:50 EDT" duration-ms="1148" status="PASS">
          <reporter-output>
          </reporter-output>
        </test-method> <!-- testPostUser -->
        <test-method signature="testGetUserByName()[pri:2, instance:api.test.UserTests@3f6f6701]" started-at="2023-08-06T18:40:50 EDT" name="testGetUserByName" finished-at="2023-08-06T18:40:50 EDT" duration-ms="155" status="PASS">
          <reporter-output>
          </reporter-output>
        </test-method> <!-- testGetUserByName -->
        <test-method signature="testUpdateUserByName()[pri:3, instance:api.test.UserTests@3f6f6701]" started-at="2023-08-06T18:40:50 EDT" name="testUpdateUserByName" finished-at="2023-08-06T18:40:50 EDT" duration-ms="286" status="PASS">
          <reporter-output>
          </reporter-output>
        </test-method> <!-- testUpdateUserByName -->
        <test-method signature="testDeleteUserByName()[pri:4, instance:api.test.UserTests@3f6f6701]" started-at="2023-08-06T18:40:50 EDT" name="testDeleteUserByName" finished-at="2023-08-06T18:40:50 EDT" duration-ms="138" status="PASS">
          <reporter-output>
          </reporter-output>
        </test-method> <!-- testDeleteUserByName -->
      </class> <!-- api.test.UserTests -->
    </test> <!-- Test -->
  </suite> <!-- Suite -->
</testng-results>
