<?xml version="1.0" encoding="UTF-8"?>
<!-- Generated by org.testng.reporters.JUnitXMLReporter -->
<testsuite ignored="0" hostname="Henishs-MacBook-Air.local" failures="0" tests="4" name="PetTests" time="1.844" errors="0" timestamp="2023-08-06T18:15:59 EDT">
  <testcase classname="api.test.UserTests" name="testPostUser" time="0.968"/>
  <testcase classname="api.test.UserTests" name="testGetUserByName" time="0.151"/>
  <testcase classname="api.test.UserTests" name="testUpdateUserByName" time="0.303"/>
  <testcase classname="api.test.UserTests" name="testDeleteUserByName" time="0.135"/>
</testsuite> <!-- PetTests -->
